<?xml version="1.0" encoding="UTF-8"?>
<!-- Generated by org.testng.reporters.JUnitXMLReporter -->
<testsuite ignored="0" hostname="IN-PG02NMFY" failures="5" tests="9" name="Surefire test" time="0.488" errors="0" timestamp="2022-09-23T20:13:00 IST">
  <testcase classname="com.nagarro.salesforce.utopia.basic.tests.TestCases1" name="test_case_method1" time="0.05">
    <failure type="java.lang.AssertionError">
      <![CDATA[java.lang.AssertionError: 
at com.nagarro.salesforce.utopia.basic.tests.TestCases1.test_case_method1(TestCases1.java:10)
at java.base/java.util.ArrayList.forEach(ArrayList.java:1511)
... Removed 34 stack frames]]>
    </failure>
  </testcase> <!-- test_case_method1 -->
  <testcase classname="com.nagarro.salesforce.utopia.basic.tests.TestCases1" name="test_case_method2" time="0.002">
    <failure type="java.lang.AssertionError" message="This should be failed: explicit case">
      <![CDATA[java.lang.AssertionError: This should be failed: explicit case
at com.nagarro.salesforce.utopia.basic.tests.TestCases1.test_case_method2(TestCases1.java:14)
at java.base/java.util.ArrayList.forEach(ArrayList.java:1511)
... Removed 33 stack frames]]>
    </failure>
  </testcase> <!-- test_case_method2 -->
  <testcase classname="com.nagarro.salesforce.utopia.basic.tests.TestCases1" name="test_case_method3" time="0.001"/>
  <testcase classname="com.nagarro.salesforce.utopia.basic.tests.TestCases1" name="test_case_method4" time="0.001"/>
  <testcase classname="com.nagarro.salesforce.utopia.basic.tests.TestCases2" name="test_case2_method1" time="0.002">
    <failure type="java.lang.AssertionError">
      <![CDATA[java.lang.AssertionError: 
at com.nagarro.salesforce.utopia.basic.tests.TestCases2.test_case2_method1(TestCases2.java:9)
at java.base/java.util.ArrayList.forEach(ArrayList.java:1511)
... Removed 34 stack frames]]>
    </failure>
  </testcase> <!-- test_case2_method1 -->
  <testcase classname="com.nagarro.salesforce.utopia.basic.tests.TestCases2" name="test_case2_method2" time="0.001">
    <failure type="java.lang.AssertionError" message="This should be failed: explicit case">
      <![CDATA[java.lang.AssertionError: This should be failed: explicit case
at com.nagarro.salesforce.utopia.basic.tests.TestCases2.test_case2_method2(TestCases2.java:13)
at java.base/java.util.ArrayList.forEach(ArrayList.java:1511)
... Removed 33 stack frames]]>
    </failure>
  </testcase> <!-- test_case2_method2 -->
  <testcase classname="com.nagarro.salesforce.utopia.basic.tests.TestCases2" name="test_case2_method3" time="0.002"/>
  <testcase classname="com.nagarro.salesforce.utopia.basic.tests.TestCases2" name="test_case2_method4" time="0.001"/>
  <testcase classname="com.nagarro.salesforce.utopia.reports.ExtentTest" name="extentReportsDemo" time="0.033">
    <failure type="java.lang.IllegalStateException" message="The driver executable must exist: D:\test automation\salesforce\utopia\SubmittalExchange_TFSQAAutomation3rdpartychromechromedriver.exe">
      <![CDATA[java.lang.IllegalStateException: The driver executable must exist: D:\test automation\salesforce\utopia\SubmittalExchange_TFSQAAutomation3rdpartychromechromedriver.exe
at org.openqa.selenium.internal.Require$FileStateChecker.isFile(Require.java:342)
at org.openqa.selenium.remote.service.DriverService.checkExecutable(DriverService.java:147)
at org.openqa.selenium.remote.service.DriverService.findExecutable(DriverService.java:142)
at org.openqa.selenium.chrome.ChromeDriverService.access$000(ChromeDriverService.java:39)
at org.openqa.selenium.chrome.ChromeDriverService$Builder.findDefaultExecutable(ChromeDriverService.java:233)
at org.openqa.selenium.remote.service.DriverService$Builder.build(DriverService.java:437)
at org.openqa.selenium.chrome.ChromeDriverService.createDefaultService(ChromeDriverService.java:128)
at org.openqa.selenium.chrome.ChromeDriver.<init>(ChromeDriver.java:49)
at com.nagarro.salesforce.utopia.reports.ExtentTest.extentReportsDemo(ExtentTest.java:26)
at java.base/java.util.ArrayList.forEach(ArrayList.java:1511)
... Removed 32 stack frames]]>
    </failure>
  </testcase> <!-- extentReportsDemo -->
</testsuite> <!-- Surefire test -->
